<?xml version="1.0" encoding="UTF-8"?>
<!-- Generated by org.testng.reporters.JUnitXMLReporter -->
<testsuite ignored="0" hostname="DESKTOP-FUOBAD1" failures="2" tests="4" name="TestRunner2" time="84.236" errors="0" timestamp="2021-09-10T17:16:34 IST">
  <testcase classname="com.sampleproject.testyantra.sampleTestcases.SearchProductTest" name="SampleFourTest" time="10.248">
    <failure type="java.lang.AssertionError" message="expected [false] but found [true]">
      <![CDATA[java.lang.AssertionError: expected [false] but found [true]
at com.sampleproject.testyantra.sampleTestcases.SearchProductTest.SampleFourTest(SearchProductTest.java:73)
at java.base/java.util.ArrayList.forEach(ArrayList.java:1511)
at java.base/java.util.concurrent.FutureTask.run(FutureTask.java:264)
at java.base/java.util.concurrent.ThreadPoolExecutor.runWorker(ThreadPoolExecutor.java:1130)
at java.base/java.util.concurrent.ThreadPoolExecutor$Worker.run(ThreadPoolExecutor.java:630)
at java.base/java.lang.Thread.run(Thread.java:832)
... Removed 24 stack frames]]>
    </failure>
  </testcase> <!-- SampleFourTest -->
  <testcase classname="com.sampleproject.testyantra.sampleTestcases.SearchProductTest" name="SampleOneTest" time="9.522"/>
  <testcase classname="com.sampleproject.testyantra.sampleTestcases.SearchProductTest" name="SampleThreeTest" time="14.075"/>
  <testcase classname="com.sampleproject.testyantra.sampleTestcases.SearchProductTest" name="SampleTwoTest" time="14.911">
    <failure type="java.lang.AssertionError" message="expected [true] but found [false]">
      <![CDATA[java.lang.AssertionError: expected [true] but found [false]
at com.sampleproject.testyantra.sampleTestcases.SearchProductTest.SampleTwoTest(SearchProductTest.java:44)
at java.base/java.util.ArrayList.forEach(ArrayList.java:1511)
at java.base/java.util.concurrent.FutureTask.run(FutureTask.java:264)
at java.base/java.util.concurrent.ThreadPoolExecutor.runWorker(ThreadPoolExecutor.java:1130)
at java.base/java.util.concurrent.ThreadPoolExecutor$Worker.run(ThreadPoolExecutor.java:630)
at java.base/java.lang.Thread.run(Thread.java:832)
... Removed 24 stack frames]]>
    </failure>
  </testcase> <!-- SampleTwoTest -->
</testsuite> <!-- TestRunner2 -->
