<?xml version="1.0" encoding="UTF-8"?>
<!-- Generated by org.testng.reporters.JUnitXMLReporter -->
<testsuite ignored="0" hostname="DESKTOP-FUOBAD1" failures="0" tests="4" name="Test" time="0.143" errors="0" timestamp="2021-09-10T15:44:41 IST">
  <testcase classname="com.sampleproject.testyantra.genericutility.BaseClass" name="@BeforeClass configureBeforeClass" time="-1.631268880813E9">
    <failure type="org.testng.TestNGException" message="
Parameter &amp;apos;BROWSER&amp;apos; is required by BeforeClass on method configureBeforeClass but has not been marked @Optional or defined
in C:\Users\Chetan\.eclipse\SDET20\SampleProject\testng.xml">
      <![CDATA[org.testng.TestNGException: 
Parameter 'BROWSER' is required by BeforeClass on method configureBeforeClass but has not been marked @Optional or defined
in C:\Users\Chetan\.eclipse\SDET20\SampleProject\testng.xml
at java.base/java.util.ArrayList.forEach(ArrayList.java:1511)
... Removed 22 stack frames]]>
    </failure>
  </testcase> <!-- @BeforeClass configureBeforeClass -->
  <testcase classname="com.sampleproject.testyantra.genericutility.BaseClass" name="@BeforeMethod configureBeforeMethod" time="-1.631268880857E9">
    <skipped/>
  </testcase> <!-- @BeforeMethod configureBeforeMethod -->
  <testcase classname="com.sampleproject.testyantra.genericutility.BaseClass" name="@AfterMethod configureAfterMethod" time="-1.631268880874E9">
    <skipped/>
  </testcase> <!-- @AfterMethod configureAfterMethod -->
  <testcase classname="com.sampleproject.testyantra.genericutility.BaseClass" name="@BeforeMethod configureBeforeMethod" time="-1.631268880878E9">
    <skipped/>
  </testcase> <!-- @BeforeMethod configureBeforeMethod -->
  <testcase classname="com.sampleproject.testyantra.genericutility.BaseClass" name="@AfterMethod configureAfterMethod" time="-1.631268880888E9">
    <skipped/>
  </testcase> <!-- @AfterMethod configureAfterMethod -->
  <testcase classname="com.sampleproject.testyantra.genericutility.BaseClass" name="@BeforeMethod configureBeforeMethod" time="-1.631268880894E9">
    <skipped/>
  </testcase> <!-- @BeforeMethod configureBeforeMethod -->
  <testcase classname="com.sampleproject.testyantra.genericutility.BaseClass" name="@AfterMethod configureAfterMethod" time="-1.631268880906E9">
    <skipped/>
  </testcase> <!-- @AfterMethod configureAfterMethod -->
  <testcase classname="com.sampleproject.testyantra.genericutility.BaseClass" name="@BeforeMethod configureBeforeMethod" time="-1.631268880909E9">
    <skipped/>
  </testcase> <!-- @BeforeMethod configureBeforeMethod -->
  <testcase classname="com.sampleproject.testyantra.genericutility.BaseClass" name="@AfterMethod configureAfterMethod" time="-1.631268880916E9">
    <skipped/>
  </testcase> <!-- @AfterMethod configureAfterMethod -->
  <testcase classname="com.sampleproject.testyantra.genericutility.BaseClass" name="@AfterClass configureAfterClass" time="-1.631268880919E9">
    <skipped/>
  </testcase> <!-- @AfterClass configureAfterClass -->
  <testcase classname="com.sampleproject.testyantra.sampleTestcases.SearchProductTest" name="SampleFourTest" time="0.0">
    <skipped/>
  </testcase> <!-- SampleFourTest -->
  <testcase classname="com.sampleproject.testyantra.sampleTestcases.SearchProductTest" name="SampleOneTest" time="0.0">
    <skipped/>
  </testcase> <!-- SampleOneTest -->
  <testcase classname="com.sampleproject.testyantra.sampleTestcases.SearchProductTest" name="SampleThreeTest" time="0.0">
    <skipped/>
  </testcase> <!-- SampleThreeTest -->
  <testcase classname="com.sampleproject.testyantra.sampleTestcases.SearchProductTest" name="SampleTwoTest" time="0.0">
    <skipped/>
  </testcase> <!-- SampleTwoTest -->
</testsuite> <!-- Test -->
