<html>
<head>
<title>TestNG:  Test</title>
<link href="../testng.css" rel="stylesheet" type="text/css" />
<link href="../my-testng.css" rel="stylesheet" type="text/css" />

<style type="text/css">
.log { display: none;} 
.stack-trace { display: none;} 
</style>
<script type="text/javascript">
<!--
function flip(e) {
  current = e.style.display;
  if (current == 'block') {
    e.style.display = 'none';
    return 0;
  }
  else {
    e.style.display = 'block';
    return 1;
  }
}

function toggleBox(szDivId, elem, msg1, msg2)
{
  var res = -1;  if (document.getElementById) {
    res = flip(document.getElementById(szDivId));
  }
  else if (document.all) {
    // this is the way old msie versions work
    res = flip(document.all[szDivId]);
  }
  if(elem) {
    if(res == 0) elem.innerHTML = msg1; else elem.innerHTML = msg2;
  }

}

function toggleAllBoxes() {
  if (document.getElementsByTagName) {
    d = document.getElementsByTagName('div');
    for (i = 0; i < d.length; i++) {
      if (d[i].className == 'log') {
        flip(d[i]);
      }
    }
  }
}

// -->
</script>

</head>
<body>
<h2 align='center'>Test</h2><table border='1' align="center">
<tr>
<td>Tests passed/Failed/Skipped:</td><td>0/0/4</td>
</tr><tr>
<td>Started on:</td><td>Fri Sep 10 15:44:40 IST 2021</td>
</tr>
<tr><td>Total time:</td><td>0 seconds (143 ms)</td>
</tr><tr>
<td>Included groups:</td><td></td>
</tr><tr>
<td>Excluded groups:</td><td></td>
</tr>
</table><p/>
<small><i>(Hover the method name to see the test class name)</i></small><p/>
<table width='100%' border='1' class='invocation-failed'>
<tr><td colspan='4' align='center'><b>FAILED CONFIGURATIONS</b></td></tr>
<tr><td><b>Test method</b></td>
<td width="30%"><b>Exception</b></td>
<td width="10%"><b>Time (seconds)</b></td>
<td><b>Instance</b></td>
</tr>
<tr>
<td title='com.sampleproject.testyantra.sampleTestcases.SearchProductTest.configureBeforeClass()'><b>configureBeforeClass</b><br>Test class: com.sampleproject.testyantra.sampleTestcases.SearchProductTest</td>
<td><div><pre>org.testng.TestNGException: 
Parameter &apos;BROWSER&apos; is required by BeforeClass on method configureBeforeClass but has not been marked @Optional or defined
in C:\Users\Chetan\.eclipse\SDET20\SampleProject\testng.xml
	at java.base/java.util.ArrayList.forEach(ArrayList.java:1511)
... Removed 22 stack frames</pre></div><a href='#' onClick='toggleBox("stack-trace1646371921", this, "Click to show all stack frames", "Click to hide stack frames")'>Click to show all stack frames</a>
<div class='stack-trace' id='stack-trace1646371921'><pre>org.testng.TestNGException: 
Parameter &apos;BROWSER&apos; is required by BeforeClass on method configureBeforeClass but has not been marked @Optional or defined
in C:\Users\Chetan\.eclipse\SDET20\SampleProject\testng.xml
	at org.testng.internal.Parameters.createParams(Parameters.java:270)
	at org.testng.internal.Parameters.createParametersForMethod(Parameters.java:358)
	at org.testng.internal.Parameters.createParameters(Parameters.java:700)
	at org.testng.internal.Parameters.createConfigurationParameters(Parameters.java:168)
	at org.testng.internal.ConfigInvoker.invokeConfigurations(ConfigInvoker.java:302)
	at org.testng.internal.TestMethodWorker.invokeBeforeClassMethods(TestMethodWorker.java:176)
	at org.testng.internal.TestMethodWorker.run(TestMethodWorker.java:122)
	at java.base/java.util.ArrayList.forEach(ArrayList.java:1511)
	at org.testng.TestRunner.privateRun(TestRunner.java:794)
	at org.testng.TestRunner.run(TestRunner.java:596)
	at org.testng.SuiteRunner.runTest(SuiteRunner.java:377)
	at org.testng.SuiteRunner.runSequentially(SuiteRunner.java:371)
	at org.testng.SuiteRunner.privateRun(SuiteRunner.java:332)
	at org.testng.SuiteRunner.run(SuiteRunner.java:276)
	at org.testng.SuiteRunnerWorker.runSuite(SuiteRunnerWorker.java:53)
	at org.testng.SuiteRunnerWorker.run(SuiteRunnerWorker.java:96)
	at org.testng.TestNG.runSuitesSequentially(TestNG.java:1212)
	at org.testng.TestNG.runSuitesLocally(TestNG.java:1134)
	at org.testng.TestNG.runSuites(TestNG.java:1063)
	at org.testng.TestNG.run(TestNG.java:1031)
	at org.testng.remote.AbstractRemoteTestNG.run(AbstractRemoteTestNG.java:115)
	at org.testng.remote.RemoteTestNG.initAndRun(RemoteTestNG.java:251)
	at org.testng.remote.RemoteTestNG.main(RemoteTestNG.java:77)
</pre></div></td>
<td>-1631268880</td>
<td>com.sampleproject.testyantra.sampleTestcases.SearchProductTest@1e683a3e</td></tr>
</table><p>
<table width='100%' border='1' class='invocation-skipped'>
<tr><td colspan='4' align='center'><b>SKIPPED CONFIGURATIONS</b></td></tr>
<tr><td><b>Test method</b></td>
<td width="30%"><b>Exception</b></td>
<td width="10%"><b>Time (seconds)</b></td>
<td><b>Instance</b></td>
</tr>
<tr>
<td title='com.sampleproject.testyantra.sampleTestcases.SearchProductTest.configureAfterMethod()'><b>configureAfterMethod</b><br>Test class: com.sampleproject.testyantra.sampleTestcases.SearchProductTest</td>
<td></td>
<td>-1631268880</td>
<td>com.sampleproject.testyantra.sampleTestcases.SearchProductTest@1e683a3e</td></tr>
<tr>
<td title='com.sampleproject.testyantra.sampleTestcases.SearchProductTest.configureBeforeMethod()'><b>configureBeforeMethod</b><br>Test class: com.sampleproject.testyantra.sampleTestcases.SearchProductTest</td>
<td></td>
<td>-1631268880</td>
<td>com.sampleproject.testyantra.sampleTestcases.SearchProductTest@1e683a3e</td></tr>
<tr>
<td title='com.sampleproject.testyantra.sampleTestcases.SearchProductTest.configureAfterMethod()'><b>configureAfterMethod</b><br>Test class: com.sampleproject.testyantra.sampleTestcases.SearchProductTest</td>
<td></td>
<td>-1631268880</td>
<td>com.sampleproject.testyantra.sampleTestcases.SearchProductTest@1e683a3e</td></tr>
<tr>
<td title='com.sampleproject.testyantra.sampleTestcases.SearchProductTest.configureBeforeMethod()'><b>configureBeforeMethod</b><br>Test class: com.sampleproject.testyantra.sampleTestcases.SearchProductTest</td>
<td></td>
<td>-1631268880</td>
<td>com.sampleproject.testyantra.sampleTestcases.SearchProductTest@1e683a3e</td></tr>
<tr>
<td title='com.sampleproject.testyantra.sampleTestcases.SearchProductTest.configureAfterMethod()'><b>configureAfterMethod</b><br>Test class: com.sampleproject.testyantra.sampleTestcases.SearchProductTest</td>
<td></td>
<td>-1631268880</td>
<td>com.sampleproject.testyantra.sampleTestcases.SearchProductTest@1e683a3e</td></tr>
<tr>
<td title='com.sampleproject.testyantra.sampleTestcases.SearchProductTest.configureBeforeMethod()'><b>configureBeforeMethod</b><br>Test class: com.sampleproject.testyantra.sampleTestcases.SearchProductTest</td>
<td></td>
<td>-1631268880</td>
<td>com.sampleproject.testyantra.sampleTestcases.SearchProductTest@1e683a3e</td></tr>
<tr>
<td title='com.sampleproject.testyantra.sampleTestcases.SearchProductTest.configureBeforeMethod()'><b>configureBeforeMethod</b><br>Test class: com.sampleproject.testyantra.sampleTestcases.SearchProductTest</td>
<td></td>
<td>-1631268880</td>
<td>com.sampleproject.testyantra.sampleTestcases.SearchProductTest@1e683a3e</td></tr>
<tr>
<td title='com.sampleproject.testyantra.sampleTestcases.SearchProductTest.configureAfterClass()'><b>configureAfterClass</b><br>Test class: com.sampleproject.testyantra.sampleTestcases.SearchProductTest</td>
<td></td>
<td>-1631268880</td>
<td>com.sampleproject.testyantra.sampleTestcases.SearchProductTest@1e683a3e</td></tr>
<tr>
<td title='com.sampleproject.testyantra.sampleTestcases.SearchProductTest.configureAfterMethod()'><b>configureAfterMethod</b><br>Test class: com.sampleproject.testyantra.sampleTestcases.SearchProductTest</td>
<td></td>
<td>-1631268880</td>
<td>com.sampleproject.testyantra.sampleTestcases.SearchProductTest@1e683a3e</td></tr>
</table><p>
<table width='100%' border='1' class='invocation-skipped'>
<tr><td colspan='4' align='center'><b>SKIPPED TESTS</b></td></tr>
<tr><td><b>Test method</b></td>
<td width="30%"><b>Exception</b></td>
<td width="10%"><b>Time (seconds)</b></td>
<td><b>Instance</b></td>
</tr>
<tr>
<td title='com.sampleproject.testyantra.sampleTestcases.SearchProductTest.SampleThreeTest()'><b>SampleThreeTest</b><br>Test class: com.sampleproject.testyantra.sampleTestcases.SearchProductTest</td>
<td><div><pre>org.testng.TestNGException: 
Parameter &apos;BROWSER&apos; is required by BeforeClass on method configureBeforeClass but has not been marked @Optional or defined
in C:\Users\Chetan\.eclipse\SDET20\SampleProject\testng.xml
	at java.base/java.util.ArrayList.forEach(ArrayList.java:1511)
... Removed 22 stack frames</pre></div><a href='#' onClick='toggleBox("stack-trace1967355409", this, "Click to show all stack frames", "Click to hide stack frames")'>Click to show all stack frames</a>
<div class='stack-trace' id='stack-trace1967355409'><pre>org.testng.TestNGException: 
Parameter &apos;BROWSER&apos; is required by BeforeClass on method configureBeforeClass but has not been marked @Optional or defined
in C:\Users\Chetan\.eclipse\SDET20\SampleProject\testng.xml
	at org.testng.internal.Parameters.createParams(Parameters.java:270)
	at org.testng.internal.Parameters.createParametersForMethod(Parameters.java:358)
	at org.testng.internal.Parameters.createParameters(Parameters.java:700)
	at org.testng.internal.Parameters.createConfigurationParameters(Parameters.java:168)
	at org.testng.internal.ConfigInvoker.invokeConfigurations(ConfigInvoker.java:302)
	at org.testng.internal.TestMethodWorker.invokeBeforeClassMethods(TestMethodWorker.java:176)
	at org.testng.internal.TestMethodWorker.run(TestMethodWorker.java:122)
	at java.base/java.util.ArrayList.forEach(ArrayList.java:1511)
	at org.testng.TestRunner.privateRun(TestRunner.java:794)
	at org.testng.TestRunner.run(TestRunner.java:596)
	at org.testng.SuiteRunner.runTest(SuiteRunner.java:377)
	at org.testng.SuiteRunner.runSequentially(SuiteRunner.java:371)
	at org.testng.SuiteRunner.privateRun(SuiteRunner.java:332)
	at org.testng.SuiteRunner.run(SuiteRunner.java:276)
	at org.testng.SuiteRunnerWorker.runSuite(SuiteRunnerWorker.java:53)
	at org.testng.SuiteRunnerWorker.run(SuiteRunnerWorker.java:96)
	at org.testng.TestNG.runSuitesSequentially(TestNG.java:1212)
	at org.testng.TestNG.runSuitesLocally(TestNG.java:1134)
	at org.testng.TestNG.runSuites(TestNG.java:1063)
	at org.testng.TestNG.run(TestNG.java:1031)
	at org.testng.remote.AbstractRemoteTestNG.run(AbstractRemoteTestNG.java:115)
	at org.testng.remote.RemoteTestNG.initAndRun(RemoteTestNG.java:251)
	at org.testng.remote.RemoteTestNG.main(RemoteTestNG.java:77)
</pre></div></td>
<td>0</td>
<td>com.sampleproject.testyantra.sampleTestcases.SearchProductTest@1e683a3e</td></tr>
<tr>
<td title='com.sampleproject.testyantra.sampleTestcases.SearchProductTest.SampleFourTest()'><b>SampleFourTest</b><br>Test class: com.sampleproject.testyantra.sampleTestcases.SearchProductTest</td>
<td><div><pre>org.testng.TestNGException: 
Parameter &apos;BROWSER&apos; is required by BeforeClass on method configureBeforeClass but has not been marked @Optional or defined
in C:\Users\Chetan\.eclipse\SDET20\SampleProject\testng.xml
	at java.base/java.util.ArrayList.forEach(ArrayList.java:1511)
... Removed 22 stack frames</pre></div><a href='#' onClick='toggleBox("stack-trace1258372214", this, "Click to show all stack frames", "Click to hide stack frames")'>Click to show all stack frames</a>
<div class='stack-trace' id='stack-trace1258372214'><pre>org.testng.TestNGException: 
Parameter &apos;BROWSER&apos; is required by BeforeClass on method configureBeforeClass but has not been marked @Optional or defined
in C:\Users\Chetan\.eclipse\SDET20\SampleProject\testng.xml
	at org.testng.internal.Parameters.createParams(Parameters.java:270)
	at org.testng.internal.Parameters.createParametersForMethod(Parameters.java:358)
	at org.testng.internal.Parameters.createParameters(Parameters.java:700)
	at org.testng.internal.Parameters.createConfigurationParameters(Parameters.java:168)
	at org.testng.internal.ConfigInvoker.invokeConfigurations(ConfigInvoker.java:302)
	at org.testng.internal.TestMethodWorker.invokeBeforeClassMethods(TestMethodWorker.java:176)
	at org.testng.internal.TestMethodWorker.run(TestMethodWorker.java:122)
	at java.base/java.util.ArrayList.forEach(ArrayList.java:1511)
	at org.testng.TestRunner.privateRun(TestRunner.java:794)
	at org.testng.TestRunner.run(TestRunner.java:596)
	at org.testng.SuiteRunner.runTest(SuiteRunner.java:377)
	at org.testng.SuiteRunner.runSequentially(SuiteRunner.java:371)
	at org.testng.SuiteRunner.privateRun(SuiteRunner.java:332)
	at org.testng.SuiteRunner.run(SuiteRunner.java:276)
	at org.testng.SuiteRunnerWorker.runSuite(SuiteRunnerWorker.java:53)
	at org.testng.SuiteRunnerWorker.run(SuiteRunnerWorker.java:96)
	at org.testng.TestNG.runSuitesSequentially(TestNG.java:1212)
	at org.testng.TestNG.runSuitesLocally(TestNG.java:1134)
	at org.testng.TestNG.runSuites(TestNG.java:1063)
	at org.testng.TestNG.run(TestNG.java:1031)
	at org.testng.remote.AbstractRemoteTestNG.run(AbstractRemoteTestNG.java:115)
	at org.testng.remote.RemoteTestNG.initAndRun(RemoteTestNG.java:251)
	at org.testng.remote.RemoteTestNG.main(RemoteTestNG.java:77)
</pre></div></td>
<td>0</td>
<td>com.sampleproject.testyantra.sampleTestcases.SearchProductTest@1e683a3e</td></tr>
<tr>
<td title='com.sampleproject.testyantra.sampleTestcases.SearchProductTest.SampleOneTest()'><b>SampleOneTest</b><br>Test class: com.sampleproject.testyantra.sampleTestcases.SearchProductTest</td>
<td><div><pre>org.testng.TestNGException: 
Parameter &apos;BROWSER&apos; is required by BeforeClass on method configureBeforeClass but has not been marked @Optional or defined
in C:\Users\Chetan\.eclipse\SDET20\SampleProject\testng.xml
	at java.base/java.util.ArrayList.forEach(ArrayList.java:1511)
... Removed 22 stack frames</pre></div><a href='#' onClick='toggleBox("stack-trace1898325501", this, "Click to show all stack frames", "Click to hide stack frames")'>Click to show all stack frames</a>
<div class='stack-trace' id='stack-trace1898325501'><pre>org.testng.TestNGException: 
Parameter &apos;BROWSER&apos; is required by BeforeClass on method configureBeforeClass but has not been marked @Optional or defined
in C:\Users\Chetan\.eclipse\SDET20\SampleProject\testng.xml
	at org.testng.internal.Parameters.createParams(Parameters.java:270)
	at org.testng.internal.Parameters.createParametersForMethod(Parameters.java:358)
	at org.testng.internal.Parameters.createParameters(Parameters.java:700)
	at org.testng.internal.Parameters.createConfigurationParameters(Parameters.java:168)
	at org.testng.internal.ConfigInvoker.invokeConfigurations(ConfigInvoker.java:302)
	at org.testng.internal.TestMethodWorker.invokeBeforeClassMethods(TestMethodWorker.java:176)
	at org.testng.internal.TestMethodWorker.run(TestMethodWorker.java:122)
	at java.base/java.util.ArrayList.forEach(ArrayList.java:1511)
	at org.testng.TestRunner.privateRun(TestRunner.java:794)
	at org.testng.TestRunner.run(TestRunner.java:596)
	at org.testng.SuiteRunner.runTest(SuiteRunner.java:377)
	at org.testng.SuiteRunner.runSequentially(SuiteRunner.java:371)
	at org.testng.SuiteRunner.privateRun(SuiteRunner.java:332)
	at org.testng.SuiteRunner.run(SuiteRunner.java:276)
	at org.testng.SuiteRunnerWorker.runSuite(SuiteRunnerWorker.java:53)
	at org.testng.SuiteRunnerWorker.run(SuiteRunnerWorker.java:96)
	at org.testng.TestNG.runSuitesSequentially(TestNG.java:1212)
	at org.testng.TestNG.runSuitesLocally(TestNG.java:1134)
	at org.testng.TestNG.runSuites(TestNG.java:1063)
	at org.testng.TestNG.run(TestNG.java:1031)
	at org.testng.remote.AbstractRemoteTestNG.run(AbstractRemoteTestNG.java:115)
	at org.testng.remote.RemoteTestNG.initAndRun(RemoteTestNG.java:251)
	at org.testng.remote.RemoteTestNG.main(RemoteTestNG.java:77)
</pre></div></td>
<td>0</td>
<td>com.sampleproject.testyantra.sampleTestcases.SearchProductTest@1e683a3e</td></tr>
<tr>
<td title='com.sampleproject.testyantra.sampleTestcases.SearchProductTest.SampleTwoTest()'><b>SampleTwoTest</b><br>Test class: com.sampleproject.testyantra.sampleTestcases.SearchProductTest</td>
<td><div><pre>org.testng.TestNGException: 
Parameter &apos;BROWSER&apos; is required by BeforeClass on method configureBeforeClass but has not been marked @Optional or defined
in C:\Users\Chetan\.eclipse\SDET20\SampleProject\testng.xml
	at java.base/java.util.ArrayList.forEach(ArrayList.java:1511)
... Removed 22 stack frames</pre></div><a href='#' onClick='toggleBox("stack-trace402249858", this, "Click to show all stack frames", "Click to hide stack frames")'>Click to show all stack frames</a>
<div class='stack-trace' id='stack-trace402249858'><pre>org.testng.TestNGException: 
Parameter &apos;BROWSER&apos; is required by BeforeClass on method configureBeforeClass but has not been marked @Optional or defined
in C:\Users\Chetan\.eclipse\SDET20\SampleProject\testng.xml
	at org.testng.internal.Parameters.createParams(Parameters.java:270)
	at org.testng.internal.Parameters.createParametersForMethod(Parameters.java:358)
	at org.testng.internal.Parameters.createParameters(Parameters.java:700)
	at org.testng.internal.Parameters.createConfigurationParameters(Parameters.java:168)
	at org.testng.internal.ConfigInvoker.invokeConfigurations(ConfigInvoker.java:302)
	at org.testng.internal.TestMethodWorker.invokeBeforeClassMethods(TestMethodWorker.java:176)
	at org.testng.internal.TestMethodWorker.run(TestMethodWorker.java:122)
	at java.base/java.util.ArrayList.forEach(ArrayList.java:1511)
	at org.testng.TestRunner.privateRun(TestRunner.java:794)
	at org.testng.TestRunner.run(TestRunner.java:596)
	at org.testng.SuiteRunner.runTest(SuiteRunner.java:377)
	at org.testng.SuiteRunner.runSequentially(SuiteRunner.java:371)
	at org.testng.SuiteRunner.privateRun(SuiteRunner.java:332)
	at org.testng.SuiteRunner.run(SuiteRunner.java:276)
	at org.testng.SuiteRunnerWorker.runSuite(SuiteRunnerWorker.java:53)
	at org.testng.SuiteRunnerWorker.run(SuiteRunnerWorker.java:96)
	at org.testng.TestNG.runSuitesSequentially(TestNG.java:1212)
	at org.testng.TestNG.runSuitesLocally(TestNG.java:1134)
	at org.testng.TestNG.runSuites(TestNG.java:1063)
	at org.testng.TestNG.run(TestNG.java:1031)
	at org.testng.remote.AbstractRemoteTestNG.run(AbstractRemoteTestNG.java:115)
	at org.testng.remote.RemoteTestNG.initAndRun(RemoteTestNG.java:251)
	at org.testng.remote.RemoteTestNG.main(RemoteTestNG.java:77)
</pre></div></td>
<td>0</td>
<td>com.sampleproject.testyantra.sampleTestcases.SearchProductTest@1e683a3e</td></tr>
</table><p>
</body>
</html>